Thu Apr 11 02:19:25 GMT+06:00 2019 : Apache Derby Network Server - 10.11.1.2 - (1629631) started and ready to accept connections on port 1527
----------------------------------------------------------------
Thu Apr 11 02:19:26 GMT+06:00 2019:
Booting Derby version The Apache Software Foundation - Apache Derby - 10.11.1.2 - (1629631): instance a816c00e-016a-08e7-7d86-ffffd0747f4f 
on database directory C:\Users\Acer\Desktop\java home examples\Prometheus-215\prometheusdb with class loader sun.misc.Launcher$AppClassLoader@6f94fa3e 
Loaded from file:/C:/Program%20Files/Java/jdk1.8.0_111/db/lib/derby.jar
java.vendor=Oracle Corporation
java.runtime.version=1.8.0_111-b14
user.dir=C:\Program Files\Java\jdk1.8.0_111\db
os.name=Windows 10
os.arch=amd64
os.version=10.0
derby.system.home=C:\Users\Acer\Desktop\java home examples\Prometheus-215
Database Class Loader started - derby.database.classpath=''
----------------------------------------------------------------
Thu Apr 11 02:19:37 GMT+06:00 2019:
Shutting down instance a816c00e-016a-08e7-7d86-ffffd0747f4f on database directory C:\Users\Acer\Desktop\java home examples\Prometheus-215\prometheusdb with class loader sun.misc.Launcher$AppClassLoader@6f94fa3e 
Thu Apr 11 02:19:37 GMT+06:00 2019 Thread[DRDAConnThread_2,5,main] (DATABASE = prometheusdb), (DRDAID = {2}), Database 'prometheusdb' shutdown.
----------------------------------------------------------------
Thu Apr 11 02:20:30 GMT+06:00 2019:
Booting Derby version The Apache Software Foundation - Apache Derby - 10.11.1.2 - (1629631): instance a65c80ac-016a-08e7-7d86-ffffd0747f4f 
on database directory C:\Users\Acer\Desktop\java home examples\Prometheus-215\prometheusdb with class loader sun.misc.Launcher$AppClassLoader@6f94fa3e 
Loaded from file:/C:/Program%20Files/Java/jdk1.8.0_111/db/lib/derby.jar
java.vendor=Oracle Corporation
java.runtime.version=1.8.0_111-b14
user.dir=C:\Program Files\Java\jdk1.8.0_111\db
os.name=Windows 10
os.arch=amd64
os.version=10.0
derby.system.home=C:\Users\Acer\Desktop\java home examples\Prometheus-215
Database Class Loader started - derby.database.classpath=''
----------------------------------------------------------------
Thu Apr 11 02:44:49 GMT+06:00 2019:
Shutting down instance a65c80ac-016a-08e7-7d86-ffffd0747f4f on database directory C:\Users\Acer\Desktop\java home examples\Prometheus-215\prometheusdb with class loader sun.misc.Launcher$AppClassLoader@6f94fa3e 
Thu Apr 11 02:44:49 GMT+06:00 2019 Thread[DRDAConnThread_3,5,main] (DATABASE = prometheusdb), (DRDAID = {4}), Database 'prometheusdb' shutdown.
